C:/openmodelica/NonInteractingTanks/NonInteractingTanks.Tank/Tank.exe -port=62638 -logFormat=xmltcp -override=startTime=0,stopTime=1,stepSize=0.002,tolerance=1e-06,solver=dassl,outputFormat=mat,variableFilter=.* -r=C:/openmodelica/NonInteractingTanks/NonInteractingTanks.Tank/Tank_res.mat -w -lv=LOG_STDOUT,LOG_ASSERT,LOG_STATS -inputPath=C:/openmodelica/NonInteractingTanks/NonInteractingTanks.Tank -outputPath=C:/openmodelica/NonInteractingTanks/NonInteractingTanks.Tank
The initialization finished successfully without homotopy method.
### STATISTICS ###
timer
   0.0010344s          reading init.xml
   0.0008983s          reading info.xml
   0.0014671s [ 11.2%] pre-initialization
   0.0001175s [  0.9%] initialization
    1.75e-05s [  0.1%] steps
   0.0003204s [  2.4%] solver (excl. callbacks)
   0.0017031s [ 13.0%] creating output-file
   0.0001065s [  0.8%] event-handling
    0.000229s [  1.7%] overhead
   0.0091344s [ 69.8%] simulation
   0.0130955s [100.0%] total
events
    0 state events
    0 time events
solver: dassl
   22 steps taken
   22 calls of functionODE
   21 evaluations of jacobian
    0 error test failures
    0 convergence test failures
9.8e-06s time of jacobian evaluation
The simulation finished successfully.
